<?xml version="1.0" encoding="UTF-8"?>
<!-- Generated by org.testng.reporters.JUnitReportReporter -->
<testsuite skipped="0" hostname="DESKTOP-RVOEN4N" name="pack1.classthree" tests="1" failures="0" timestamp="2 Nov 2021 09:56:48 GMT" time="29.482" errors="0">
  <testcase name="methodthreeA" time="29.482" classname="pack1.classthree"/>
</testsuite> <!-- pack1.classthree -->
