<?xml version="1.0" encoding="UTF-8"?>
<!-- Generated by org.testng.reporters.JUnitReportReporter -->
<testsuite skipped="0" hostname="DESKTOP-RVOEN4N" name="pack1.classtwo" tests="2" failures="0" timestamp="2 Nov 2021 09:56:48 GMT" time="11.204" errors="0">
  <testcase name="methodoneB" time="0.000" classname="pack1.classtwo"/>
  <testcase name="methodtwoA" time="11.204" classname="pack1.classtwo"/>
</testsuite> <!-- pack1.classtwo -->
