<?xml version="1.0" encoding="UTF-8"?>
<!-- Generated by org.testng.reporters.JUnitReportReporter -->
<testsuite skipped="0" hostname="DESKTOP-RVOEN4N" name="pack1.classone" tests="1" failures="0" timestamp="2 Nov 2021 09:56:48 GMT" time="15.847" errors="0">
  <testcase name="methodoneA" time="15.847" classname="pack1.classone"/>
</testsuite> <!-- pack1.classone -->
