<?xml version="1.0" encoding="UTF-8"?>
<!-- Generated by org.testng.reporters.JUnitReportReporter -->
<testsuite skipped="0" hostname="DESKTOP-RVOEN4N" name="pack1.classone" tests="1" failures="0" timestamp="21 Oct 2021 04:09:16 GMT" time="0.010" errors="0">
  <testcase name="f" time="0.010" classname="pack1.classone"/>
</testsuite> <!-- pack1.classone -->
